2021-04-09 11:51:06,822 INFO  [log] Call to fun1
2021-04-09 11:51:06,881 INFO  [log] Call to getData of User--->Hridayansh1
2021-04-09 11:51:06,936 INFO  [log] Details we received in getData for User Hridayansh1 are id=200,name=Hridayansh1,dept=mech,age=15
2021-04-09 11:51:06,946 INFO  [log] Call to fun1
2021-04-09 11:51:07,068 INFO  [log] Call to getData of User--->Hridayansh2
2021-04-09 11:51:07,231 INFO  [log] Details we received in getData for User Hridayansh2 are id=201,name=Hridayansh2,dept=mech,age=16
2021-04-09 11:51:07,234 INFO  [log] Call to fun1
2021-04-09 11:51:07,308 INFO  [log] Call to getData of User--->Hridayansh3
2021-04-09 11:51:07,391 INFO  [log] Details we received in getData for User Hridayansh3 are id=202,name=Hridayansh3,dept=mech,age=17
2021-04-09 11:51:07,396 INFO  [log] Call to fun1
2021-04-09 11:51:07,452 INFO  [log] Call to getData of User--->Hridayansh4
2021-04-09 11:51:07,496 INFO  [log] Details we received in getData for User Hridayansh4 are id=203,name=Hridayansh4,dept=mech,age=18
2021-04-09 11:51:07,498 INFO  [log] Call to fun1
2021-04-09 11:51:07,555 INFO  [log] Call to getData of User--->Hridayansh5
2021-04-09 11:51:07,645 INFO  [log] Details we received in getData for User Hridayansh5 are id=204,name=Hridayansh5,dept=mech,age=19
2021-04-09 11:54:39,339 INFO  [log] Call to fun1
2021-04-09 11:54:39,402 INFO  [log] Call to getData of User--->Hridayansh1
2021-04-09 11:54:39,681 INFO  [log] Details we received in getData for User Hridayansh1 are id=200,name=Hridayansh1,dept=mech,age=15
2021-04-09 11:54:39,685 INFO  [log] Call to fun1
2021-04-09 11:54:39,758 INFO  [log] Call to getData of User--->Hridayansh2
2021-04-09 11:54:39,832 INFO  [log] Details we received in getData for User Hridayansh2 are id=201,name=Hridayansh2,dept=mech,age=16
2021-04-09 11:54:39,835 INFO  [log] Call to fun1
2021-04-09 11:54:39,885 INFO  [log] Call to getData of User--->Hridayansh3
2021-04-09 11:54:39,962 INFO  [log] Details we received in getData for User Hridayansh3 are id=202,name=Hridayansh3,dept=mech,age=17
2021-04-09 11:54:39,965 INFO  [log] Call to fun1
2021-04-09 11:54:40,018 INFO  [log] Call to getData of User--->Hridayansh4
2021-04-09 11:54:40,126 INFO  [log] Details we received in getData for User Hridayansh4 are id=203,name=Hridayansh4,dept=mech,age=18
2021-04-09 11:54:40,130 INFO  [log] Call to fun1
2021-04-09 11:54:40,210 INFO  [log] Call to getData of User--->Hridayansh5
2021-04-09 11:54:40,277 INFO  [log] Details we received in getData for User Hridayansh5 are id=204,name=Hridayansh5,dept=mech,age=19
2021-04-09 11:55:31,230 INFO  [log] Call to fun1
2021-04-09 11:55:31,293 INFO  [log] Call to getData of User--->Hridayansh1
2021-04-09 11:55:31,434 INFO  [log] Details we received in getData for User Hridayansh1 are id=200,name=Hridayansh1,dept=mech,age=15
2021-04-09 11:55:31,438 INFO  [log] Call to fun1
2021-04-09 11:55:31,491 INFO  [log] Call to getData of User--->Hridayansh2
2021-04-09 11:55:31,549 INFO  [log] Details we received in getData for User Hridayansh2 are id=201,name=Hridayansh2,dept=mech,age=16
2021-04-09 11:55:31,553 INFO  [log] Call to fun1
2021-04-09 11:55:31,637 INFO  [log] Call to getData of User--->Hridayansh3
2021-04-09 11:55:31,727 INFO  [log] Details we received in getData for User Hridayansh3 are id=202,name=Hridayansh3,dept=mech,age=17
2021-04-09 11:55:31,730 INFO  [log] Call to fun1
2021-04-09 11:55:31,793 INFO  [log] Call to getData of User--->Hridayansh4
2021-04-09 11:55:31,828 INFO  [log] Details we received in getData for User Hridayansh4 are id=203,name=Hridayansh4,dept=mech,age=18
2021-04-09 11:55:31,832 INFO  [log] Call to fun1
2021-04-09 11:55:31,870 INFO  [log] Call to getData of User--->Hridayansh5
2021-04-09 11:55:31,915 INFO  [log] Details we received in getData for User Hridayansh5 are id=204,name=Hridayansh5,dept=mech,age=19
2021-04-09 12:08:17,379 INFO  [log] Call to fun1
2021-04-09 12:08:17,461 INFO  [log] Call to getData of User--->Hridayansh1
2021-04-09 12:08:17,532 INFO  [log] Details we received in getData for User Hridayansh1 are id=200,name=Hridayansh1,dept=mech,age=15
2021-04-09 12:08:17,540 INFO  [log] Call to fun1
2021-04-09 12:08:17,630 INFO  [log] Call to getData of User--->Hridayansh2
2021-04-09 12:08:17,707 INFO  [log] Details we received in getData for User Hridayansh2 are id=201,name=Hridayansh2,dept=mech,age=16
2021-04-09 12:08:17,712 INFO  [log] Call to fun1
2021-04-09 12:08:17,783 INFO  [log] Call to getData of User--->Hridayansh3
2021-04-09 12:08:18,023 INFO  [log] Details we received in getData for User Hridayansh3 are id=202,name=Hridayansh3,dept=mech,age=17
2021-04-09 12:08:18,027 INFO  [log] Call to fun1
2021-04-09 12:08:18,117 INFO  [log] Call to getData of User--->Hridayansh4
2021-04-09 12:08:18,187 INFO  [log] Details we received in getData for User Hridayansh4 are id=203,name=Hridayansh4,dept=mech,age=18
2021-04-09 12:08:18,191 INFO  [log] Call to fun1
2021-04-09 12:08:18,261 INFO  [log] Call to getData of User--->Hridayansh5
2021-04-09 12:08:18,452 INFO  [log] Details we received in getData for User Hridayansh5 are id=204,name=Hridayansh5,dept=mech,age=19
2021-04-09 12:47:56,140 INFO  [log] Call to fun1
2021-04-09 12:47:56,284 INFO  [log] Call to getData of User--->Naveen11
2021-04-09 12:47:56,371 INFO  [log] Details we received in getData for User Naveen11 are id=200,name=Naveen11,dept=mech,age=15
2021-04-09 12:47:56,378 INFO  [log] Call to fun1
2021-04-09 12:47:56,438 INFO  [log] Call to getData of User--->Naveen12
2021-04-09 12:47:56,510 INFO  [log] Details we received in getData for User Naveen12 are id=201,name=Naveen12,dept=mech,age=16
2021-04-09 12:47:56,513 INFO  [log] Call to fun1
2021-04-09 12:47:56,620 INFO  [log] Call to getData of User--->Naveen13
2021-04-09 12:47:56,687 INFO  [log] Details we received in getData for User Naveen13 are id=202,name=Naveen13,dept=mech,age=17
2021-04-09 12:47:56,702 INFO  [log] Call to fun1
2021-04-09 12:47:56,791 INFO  [log] Call to getData of User--->Naveen14
2021-04-09 12:47:56,845 INFO  [log] Details we received in getData for User Naveen14 are id=203,name=Naveen14,dept=mech,age=18
2021-04-09 12:47:56,849 INFO  [log] Call to fun1
2021-04-09 12:47:56,912 INFO  [log] Call to getData of User--->Naveen15
2021-04-09 12:47:56,975 INFO  [log] Details we received in getData for User Naveen15 are id=204,name=Naveen15,dept=mech,age=19
2021-04-09 12:51:05,745 INFO  [log] Call to fun1
2021-04-09 12:51:05,836 INFO  [log] Call to getData of User--->Naveen11
2021-04-09 12:51:05,920 INFO  [log] Details we received in getData for User Naveen11 are id=200,name=Naveen11,dept=mech,age=15
2021-04-09 12:51:05,929 INFO  [log] Call to fun1
2021-04-09 12:51:05,996 INFO  [log] Call to getData of User--->Naveen12
2021-04-09 12:51:06,085 INFO  [log] Details we received in getData for User Naveen12 are id=201,name=Naveen12,dept=mech,age=16
2021-04-09 12:51:06,094 INFO  [log] Call to fun1
2021-04-09 12:51:06,342 INFO  [log] Call to getData of User--->Naveen13
2021-04-09 12:51:06,498 INFO  [log] Details we received in getData for User Naveen13 are id=202,name=Naveen13,dept=mech,age=17
2021-04-09 12:51:06,502 INFO  [log] Call to fun1
2021-04-09 12:51:06,583 INFO  [log] Call to getData of User--->Naveen14
2021-04-09 12:51:06,673 INFO  [log] Details we received in getData for User Naveen14 are id=203,name=Naveen14,dept=mech,age=18
2021-04-09 12:51:06,680 INFO  [log] Call to fun1
2021-04-09 12:51:06,838 INFO  [log] Call to getData of User--->Naveen15
2021-04-09 12:51:06,915 INFO  [log] Details we received in getData for User Naveen15 are id=204,name=Naveen15,dept=mech,age=19
2021-04-09 13:47:53,782 INFO  [log] Call to fun1
2021-04-09 13:47:53,950 INFO  [log] Call to getData of User--->Naveen11
2021-04-09 13:47:54,214 INFO  [log] Details we received in getData for User Naveen11 are id=200,name=Naveen11,dept=mech,age=15
2021-04-09 13:47:54,218 INFO  [log] Call to fun1
2021-04-09 13:47:54,340 INFO  [log] Call to getData of User--->Naveen12
2021-04-09 13:47:54,612 INFO  [log] Details we received in getData for User Naveen12 are id=201,name=Naveen12,dept=mech,age=16
2021-04-09 13:47:54,616 INFO  [log] Call to fun1
2021-04-09 13:47:54,771 INFO  [log] Call to getData of User--->Naveen13
2021-04-09 13:47:54,853 INFO  [log] Details we received in getData for User Naveen13 are id=202,name=Naveen13,dept=mech,age=17
2021-04-09 13:47:54,856 INFO  [log] Call to fun1
2021-04-09 13:47:54,992 INFO  [log] Call to getData of User--->Naveen14
2021-04-09 13:47:55,065 INFO  [log] Details we received in getData for User Naveen14 are id=203,name=Naveen14,dept=mech,age=18
2021-04-09 13:47:55,068 INFO  [log] Call to fun1
2021-04-09 13:47:55,247 INFO  [log] Call to getData of User--->Naveen15
2021-04-09 13:47:55,295 INFO  [log] Details we received in getData for User Naveen15 are id=204,name=Naveen15,dept=mech,age=19
2021-04-09 15:22:58,000 INFO  [log] Call to fun1
2021-04-09 15:22:58,086 INFO  [log] Call to getData of User--->Naveen11
2021-04-09 15:22:58,146 INFO  [log] Details we received in getData for User Naveen11 are id=200,name=Naveen11,dept=mech,age=15
2021-04-09 15:22:58,151 INFO  [log] Call to fun1
2021-04-09 15:22:58,343 INFO  [log] Call to getData of User--->Naveen12
2021-04-09 15:22:58,460 INFO  [log] Details we received in getData for User Naveen12 are id=201,name=Naveen12,dept=mech,age=16
2021-04-09 15:22:58,464 INFO  [log] Call to fun1
2021-04-09 15:22:58,606 INFO  [log] Call to getData of User--->Naveen13
2021-04-09 15:22:58,676 INFO  [log] Details we received in getData for User Naveen13 are id=202,name=Naveen13,dept=mech,age=17
2021-04-09 15:22:58,679 INFO  [log] Call to fun1
2021-04-09 15:22:58,729 INFO  [log] Call to getData of User--->Naveen14
2021-04-09 15:22:58,771 INFO  [log] Details we received in getData for User Naveen14 are id=203,name=Naveen14,dept=mech,age=18
2021-04-09 15:22:58,773 INFO  [log] Call to fun1
2021-04-09 15:22:58,814 INFO  [log] Call to getData of User--->Naveen15
2021-04-09 15:22:58,850 INFO  [log] Details we received in getData for User Naveen15 are id=204,name=Naveen15,dept=mech,age=19
2021-04-09 16:34:05,308 INFO  [log] Call to fun1
2021-04-09 16:34:06,847 INFO  [log] Call to getData of User--->Naveen11
2021-04-09 16:34:07,164 INFO  [log] Details we received in getData for User Naveen11 are id=200,name=Naveen11,dept=mech,age=15
2021-04-09 16:34:07,168 INFO  [log] Call to fun1
2021-04-09 16:34:07,998 INFO  [log] Call to getData of User--->Naveen12
2021-04-09 16:34:08,861 INFO  [log] Details we received in getData for User Naveen12 are id=201,name=Naveen12,dept=mech,age=16
2021-04-09 16:34:08,865 INFO  [log] Call to fun1
2021-04-09 16:34:09,119 INFO  [log] Call to getData of User--->Naveen13
2021-04-09 16:34:09,677 INFO  [log] Details we received in getData for User Naveen13 are id=202,name=Naveen13,dept=mech,age=17
2021-04-09 16:34:09,680 INFO  [log] Call to fun1
2021-04-09 16:34:10,087 INFO  [log] Call to getData of User--->Naveen14
2021-04-09 16:34:10,361 INFO  [log] Details we received in getData for User Naveen14 are id=203,name=Naveen14,dept=mech,age=18
2021-04-09 16:34:10,364 INFO  [log] Call to fun1
2021-04-09 16:34:10,436 INFO  [log] Call to getData of User--->Naveen15
2021-04-09 16:34:10,569 INFO  [log] Details we received in getData for User Naveen15 are id=204,name=Naveen15,dept=mech,age=19
2021-04-09 17:37:56,871 INFO  [log] Call to fun1
2021-04-09 17:37:57,164 INFO  [log] Call to getData of User--->Naveen11
2021-04-09 17:37:57,814 INFO  [log] Details we received in getData for User Naveen11 are id=200,name=Naveen11,dept=mech,age=15
2021-04-09 17:37:57,816 INFO  [log] Call to fun1
2021-04-09 17:37:58,176 INFO  [log] Call to getData of User--->Naveen12
2021-04-09 17:37:58,747 INFO  [log] Details we received in getData for User Naveen12 are id=201,name=Naveen12,dept=mech,age=16
2021-04-09 17:37:58,749 INFO  [log] Call to fun1
2021-04-09 17:37:59,097 INFO  [log] Call to getData of User--->Naveen13
2021-04-09 17:37:59,752 INFO  [log] Details we received in getData for User Naveen13 are id=202,name=Naveen13,dept=mech,age=17
2021-04-09 17:37:59,755 INFO  [log] Call to fun1
2021-04-09 17:37:59,864 INFO  [log] Call to getData of User--->Naveen14
2021-04-09 17:37:59,974 INFO  [log] Details we received in getData for User Naveen14 are id=203,name=Naveen14,dept=mech,age=18
2021-04-09 17:37:59,977 INFO  [log] Call to fun1
2021-04-09 17:38:00,144 INFO  [log] Call to getData of User--->Naveen15
2021-04-09 17:38:00,418 INFO  [log] Details we received in getData for User Naveen15 are id=204,name=Naveen15,dept=mech,age=19
2021-04-09 17:49:05,513 INFO  [log] Call to fun1
2021-04-09 17:49:05,765 INFO  [log] Call to getData of User--->Naveen11
2021-04-09 17:49:05,922 INFO  [log] Details we received in getData for User Naveen11 are id=200,name=Naveen11,dept=mech,age=15
2021-04-09 17:49:05,926 INFO  [log] Call to fun1
2021-04-09 17:49:06,836 INFO  [log] Call to getData of User--->Naveen12
2021-04-09 17:49:06,888 INFO  [log] Details we received in getData for User Naveen12 are id=201,name=Naveen12,dept=mech,age=16
2021-04-09 17:49:06,891 INFO  [log] Call to fun1
2021-04-09 17:49:07,021 INFO  [log] Call to getData of User--->Naveen13
2021-04-09 17:49:07,075 INFO  [log] Details we received in getData for User Naveen13 are id=202,name=Naveen13,dept=mech,age=17
2021-04-09 17:49:07,078 INFO  [log] Call to fun1
2021-04-09 17:49:07,132 INFO  [log] Call to getData of User--->Naveen14
2021-04-09 17:49:07,263 INFO  [log] Details we received in getData for User Naveen14 are id=203,name=Naveen14,dept=mech,age=18
2021-04-09 17:49:07,265 INFO  [log] Call to fun1
2021-04-09 17:49:07,305 INFO  [log] Call to getData of User--->Naveen15
2021-04-09 17:49:07,364 INFO  [log] Details we received in getData for User Naveen15 are id=204,name=Naveen15,dept=mech,age=19
2021-04-09 17:51:37,894 INFO  [log] Call to fun1
2021-04-09 17:51:37,973 INFO  [log] Call to getData of User--->Naveen11
2021-04-09 17:51:38,110 INFO  [log] Details we received in getData for User Naveen11 are id=200,name=Naveen11,dept=mech,age=15
2021-04-09 17:51:38,115 INFO  [log] Call to fun1
2021-04-09 17:51:38,234 INFO  [log] Call to getData of User--->Naveen12
2021-04-09 17:51:38,293 INFO  [log] Details we received in getData for User Naveen12 are id=201,name=Naveen12,dept=mech,age=16
2021-04-09 17:51:38,295 INFO  [log] Call to fun1
2021-04-09 17:51:38,403 INFO  [log] Call to getData of User--->Naveen13
2021-04-09 17:51:38,479 INFO  [log] Details we received in getData for User Naveen13 are id=202,name=Naveen13,dept=mech,age=17
2021-04-09 17:51:38,482 INFO  [log] Call to fun1
2021-04-09 17:51:38,522 INFO  [log] Call to getData of User--->Naveen14
2021-04-09 17:51:38,562 INFO  [log] Details we received in getData for User Naveen14 are id=203,name=Naveen14,dept=mech,age=18
2021-04-09 17:51:38,565 INFO  [log] Call to fun1
2021-04-09 17:51:38,657 INFO  [log] Call to getData of User--->Naveen15
2021-04-09 17:51:38,703 INFO  [log] Details we received in getData for User Naveen15 are id=204,name=Naveen15,dept=mech,age=19
2021-04-09 17:55:10,918 INFO  [log] Call to fun1
2021-04-09 17:55:10,971 INFO  [log] Call to getData of User--->Naveen11
2021-04-09 17:55:11,062 INFO  [log] Details we received in getData for User Naveen11 are id=200,name=Naveen11,dept=mech,age=15
2021-04-09 17:55:11,067 INFO  [log] Call to fun1
2021-04-09 17:55:11,229 INFO  [log] Call to getData of User--->Naveen12
2021-04-09 17:55:11,402 INFO  [log] Details we received in getData for User Naveen12 are id=201,name=Naveen12,dept=mech,age=16
2021-04-09 17:55:11,405 INFO  [log] Call to fun1
2021-04-09 17:55:11,457 INFO  [log] Call to getData of User--->Naveen13
2021-04-09 17:55:11,722 INFO  [log] Details we received in getData for User Naveen13 are id=202,name=Naveen13,dept=mech,age=17
2021-04-09 17:55:11,726 INFO  [log] Call to fun1
2021-04-09 17:55:11,908 INFO  [log] Call to getData of User--->Naveen14
2021-04-09 17:55:11,988 INFO  [log] Details we received in getData for User Naveen14 are id=203,name=Naveen14,dept=mech,age=18
2021-04-09 17:55:11,990 INFO  [log] Call to fun1
2021-04-09 17:55:12,042 INFO  [log] Call to getData of User--->Naveen15
2021-04-09 17:55:12,089 INFO  [log] Details we received in getData for User Naveen15 are id=204,name=Naveen15,dept=mech,age=19
2021-04-09 17:55:45,250 INFO  [log] Call to fun1
2021-04-09 17:55:45,322 INFO  [log] Call to getData of User--->Naveen11
2021-04-09 17:55:45,418 INFO  [log] Details we received in getData for User Naveen11 are id=200,name=Naveen11,dept=mech,age=15
2021-04-09 17:55:45,422 INFO  [log] Call to fun1
2021-04-09 17:55:45,597 INFO  [log] Call to getData of User--->Naveen12
2021-04-09 17:55:45,661 INFO  [log] Details we received in getData for User Naveen12 are id=201,name=Naveen12,dept=mech,age=16
2021-04-09 17:55:45,664 INFO  [log] Call to fun1
2021-04-09 17:55:45,770 INFO  [log] Call to getData of User--->Naveen13
2021-04-09 17:55:45,873 INFO  [log] Details we received in getData for User Naveen13 are id=202,name=Naveen13,dept=mech,age=17
2021-04-09 17:55:45,876 INFO  [log] Call to fun1
2021-04-09 17:55:46,039 INFO  [log] Call to getData of User--->Naveen14
2021-04-09 17:55:46,117 INFO  [log] Details we received in getData for User Naveen14 are id=203,name=Naveen14,dept=mech,age=18
2021-04-09 17:55:46,121 INFO  [log] Call to fun1
2021-04-09 17:55:46,171 INFO  [log] Call to getData of User--->Naveen15
2021-04-09 17:55:46,244 INFO  [log] Details we received in getData for User Naveen15 are id=204,name=Naveen15,dept=mech,age=19
2021-04-09 18:09:56,601 INFO  [log] Call to fun1
2021-04-09 18:09:56,696 INFO  [log] Call to getData of User--->Naveen11
2021-04-09 18:09:56,846 INFO  [log] Details we received in getData for User Naveen11 are id=200,name=Naveen11,dept=mech,age=15
2021-04-09 18:09:56,851 INFO  [log] Call to fun1
2021-04-09 18:09:57,072 INFO  [log] Call to getData of User--->Naveen12
2021-04-09 18:09:57,616 INFO  [log] Details we received in getData for User Naveen12 are id=201,name=Naveen12,dept=mech,age=16
2021-04-09 18:09:57,620 INFO  [log] Call to fun1
2021-04-09 18:09:57,959 INFO  [log] Call to getData of User--->Naveen13
2021-04-09 18:09:58,009 INFO  [log] Details we received in getData for User Naveen13 are id=202,name=Naveen13,dept=mech,age=17
2021-04-09 18:09:58,012 INFO  [log] Call to fun1
2021-04-09 18:09:58,322 INFO  [log] Call to getData of User--->Naveen14
2021-04-09 18:09:58,507 INFO  [log] Details we received in getData for User Naveen14 are id=203,name=Naveen14,dept=mech,age=18
2021-04-09 18:09:58,510 INFO  [log] Call to fun1
2021-04-09 18:09:58,597 INFO  [log] Call to getData of User--->Naveen15
2021-04-09 18:10:00,194 INFO  [log] Details we received in getData for User Naveen15 are id=204,name=Naveen15,dept=mech,age=19
2021-04-09 18:12:34,008 INFO  [log] Call to fun1
2021-04-09 18:12:34,081 INFO  [log] Call to getData of User--->Naveen11
2021-04-09 18:12:34,211 INFO  [log] Details we received in getData for User Naveen11 are id=200,name=Naveen11,dept=mech,age=15
2021-04-09 18:21:16,490 INFO  [log] Call to fun1
2021-04-09 18:21:16,579 INFO  [log] Call to getData of User--->Naveen11
2021-04-09 18:21:16,630 INFO  [log] Details we received in getData for User Naveen11 are id=200,name=Naveen11,dept=mech,age=15
2021-04-09 18:23:05,376 INFO  [log] Call to fun1
2021-04-09 18:23:05,467 INFO  [log] Call to getData of User--->Naveen11
2021-04-09 18:23:05,575 INFO  [log] Details we received in getData for User Naveen11 are id=200,name=Naveen11,dept=mech,age=15
2021-04-09 18:24:45,864 INFO  [log] Call to fun1
2021-04-09 18:24:46,012 INFO  [log] Call to getData of User--->Naveen11
2021-04-09 18:24:46,140 INFO  [log] Details we received in getData for User Naveen11 are id=200,name=Naveen11,dept=mech,age=15
2021-04-09 18:24:46,148 INFO  [log] Call to fun1
2021-04-09 18:24:46,263 INFO  [log] Call to getData of User--->Naveen12
2021-04-09 18:24:46,349 INFO  [log] Details we received in getData for User Naveen12 are id=201,name=Naveen12,dept=mech,age=16
2021-04-09 18:24:46,353 INFO  [log] Call to fun1
2021-04-09 18:24:46,453 INFO  [log] Call to getData of User--->Naveen13
2021-04-09 18:24:46,571 INFO  [log] Details we received in getData for User Naveen13 are id=202,name=Naveen13,dept=mech,age=17
2021-04-09 18:24:46,575 INFO  [log] Call to fun1
2021-04-09 18:24:46,643 INFO  [log] Call to getData of User--->Naveen14
2021-04-09 18:24:46,694 INFO  [log] Details we received in getData for User Naveen14 are id=203,name=Naveen14,dept=mech,age=18
2021-04-09 18:24:46,698 INFO  [log] Call to fun1
2021-04-09 18:24:46,776 INFO  [log] Call to getData of User--->Naveen15
2021-04-09 18:24:46,828 INFO  [log] Details we received in getData for User Naveen15 are id=204,name=Naveen15,dept=mech,age=19
2021-04-16 11:23:41,286 INFO  [log] Call to fun1
2021-04-16 11:23:41,418 INFO  [log] Call to getData of User--->Naveen11
2021-04-16 11:23:41,525 INFO  [log] Details we received in getData for User Naveen11 are id=200,name=Naveen11,dept=mech,age=15
2021-04-16 11:23:41,530 INFO  [log] Call to fun1
2021-04-16 11:23:41,691 INFO  [log] Call to getData of User--->Naveen12
2021-04-16 11:23:41,767 INFO  [log] Details we received in getData for User Naveen12 are id=201,name=Naveen12,dept=mech,age=16
2021-04-16 11:23:41,773 INFO  [log] Call to fun1
2021-04-16 11:23:41,851 INFO  [log] Call to getData of User--->Naveen13
2021-04-16 11:23:41,950 INFO  [log] Details we received in getData for User Naveen13 are id=202,name=Naveen13,dept=mech,age=17
2021-04-16 11:23:41,954 INFO  [log] Call to fun1
2021-04-16 11:23:42,077 INFO  [log] Call to getData of User--->Naveen14
2021-04-16 11:23:42,198 INFO  [log] Details we received in getData for User Naveen14 are id=203,name=Naveen14,dept=mech,age=18
2021-04-16 11:23:42,202 INFO  [log] Call to fun1
2021-04-16 11:23:42,271 INFO  [log] Call to getData of User--->Naveen15
2021-04-16 11:23:42,338 INFO  [log] Details we received in getData for User Naveen15 are id=204,name=Naveen15,dept=mech,age=19
2021-04-16 12:08:18,570 INFO  [log] Call to fun1
2021-04-16 12:08:18,636 INFO  [log] Call to getData of User--->Naveen11
2021-04-16 12:08:18,702 INFO  [log] Details we received in getData for User Naveen11 are id=200,name=Naveen11,dept=mech,age=15
2021-04-16 12:08:18,708 INFO  [log] Call to fun1
2021-04-16 12:08:18,758 INFO  [log] Call to getData of User--->Naveen12
2021-04-16 12:08:18,846 INFO  [log] Details we received in getData for User Naveen12 are id=201,name=Naveen12,dept=mech,age=16
2021-04-16 12:08:18,850 INFO  [log] Call to fun1
2021-04-16 12:08:18,922 INFO  [log] Call to getData of User--->Naveen13
2021-04-16 12:08:18,979 INFO  [log] Details we received in getData for User Naveen13 are id=202,name=Naveen13,dept=mech,age=17
2021-04-16 12:08:18,982 INFO  [log] Call to fun1
2021-04-16 12:08:19,034 INFO  [log] Call to getData of User--->Naveen14
2021-04-16 12:08:19,079 INFO  [log] Details we received in getData for User Naveen14 are id=203,name=Naveen14,dept=mech,age=18
2021-04-16 12:08:19,081 INFO  [log] Call to fun1
2021-04-16 12:08:19,147 INFO  [log] Call to getData of User--->Naveen15
2021-04-16 12:08:19,205 INFO  [log] Details we received in getData for User Naveen15 are id=204,name=Naveen15,dept=mech,age=19
2021-04-16 12:44:26,041 INFO  [log] Call to fun1
2021-04-16 12:44:26,099 INFO  [log] Call to getData of User--->Naveen11
2021-04-16 12:44:26,148 INFO  [log] Details we received in getData for User Naveen11 are id=200,name=Naveen11,dept=mech,age=15
2021-04-16 12:44:26,152 INFO  [log] Call to fun1
2021-04-16 12:44:26,200 INFO  [log] Call to getData of User--->Naveen12
2021-04-16 12:44:26,248 INFO  [log] Details we received in getData for User Naveen12 are id=201,name=Naveen12,dept=mech,age=16
2021-04-16 12:44:26,251 INFO  [log] Call to fun1
2021-04-16 12:44:26,290 INFO  [log] Call to getData of User--->Naveen13
2021-04-16 12:44:26,339 INFO  [log] Details we received in getData for User Naveen13 are id=202,name=Naveen13,dept=mech,age=17
2021-04-16 12:44:26,342 INFO  [log] Call to fun1
2021-04-16 12:44:26,388 INFO  [log] Call to getData of User--->Naveen14
2021-04-16 12:44:26,613 INFO  [log] Details we received in getData for User Naveen14 are id=203,name=Naveen14,dept=mech,age=18
2021-04-16 12:44:26,616 INFO  [log] Call to fun1
2021-04-16 12:44:26,658 INFO  [log] Call to getData of User--->Naveen15
2021-04-16 12:44:26,692 INFO  [log] Details we received in getData for User Naveen15 are id=204,name=Naveen15,dept=mech,age=19
2021-04-16 12:45:09,085 INFO  [log] Call to fun1
2021-04-16 12:45:09,186 INFO  [log] Call to getData of User--->Naveen11
2021-04-16 12:45:09,253 INFO  [log] Details we received in getData for User Naveen11 are id=200,name=Naveen11,dept=mech,age=15
2021-04-16 12:45:09,259 INFO  [log] Call to fun1
2021-04-16 12:45:09,354 INFO  [log] Call to getData of User--->Naveen12
2021-04-16 12:45:09,415 INFO  [log] Details we received in getData for User Naveen12 are id=201,name=Naveen12,dept=mech,age=16
2021-04-16 12:45:09,418 INFO  [log] Call to fun1
2021-04-16 12:45:09,471 INFO  [log] Call to getData of User--->Naveen13
2021-04-16 12:45:09,525 INFO  [log] Details we received in getData for User Naveen13 are id=202,name=Naveen13,dept=mech,age=17
2021-04-16 12:45:09,529 INFO  [log] Call to fun1
2021-04-16 12:45:09,586 INFO  [log] Call to getData of User--->Naveen14
2021-04-16 12:45:09,637 INFO  [log] Details we received in getData for User Naveen14 are id=203,name=Naveen14,dept=mech,age=18
2021-04-16 12:45:09,642 INFO  [log] Call to fun1
2021-04-16 12:45:09,703 INFO  [log] Call to getData of User--->Naveen15
2021-04-16 12:45:09,769 INFO  [log] Details we received in getData for User Naveen15 are id=204,name=Naveen15,dept=mech,age=19
