2021-04-16 12:44:59,700 WARN  [SoapUI] Missing folder [D:\Shraddha Wahini\EclipseWorkSpace\MyJavaProject\ext] for external libraries
2021-04-16 12:44:59,899 INFO  [DefaultSoapUICore] initialized soapui-settings from [C:\Users\Lenovo\soapui-settings.xml]
2021-04-16 12:45:01,653 INFO  [Reflections] Reflections took 108 ms to scan 2 urls, producing 75 keys and 160 values 
2021-04-16 12:45:01,726 INFO  [Reflections] Reflections took 38 ms to scan 1 urls, producing 46 keys and 344 values 
2021-04-16 12:45:01,747 INFO  [Reflections] Reflections took 15 ms to scan 1 urls, producing 11 keys and 17 values 
2021-04-16 12:45:01,767 INFO  [Reflections] Reflections took 10 ms to scan 1 urls, producing 13 keys and 21 values 
2021-04-16 12:45:02,036 INFO  [Reflections] Reflections took 184 ms to scan 13 urls, producing 341 keys and 1458 values 
2021-04-16 12:45:02,051 INFO  [PluginManager] Adding plugin from [C:\Users\Lenovo\.soapuios\plugins\soapui-swagger-plugin-2.2-dist.jar]
2021-04-16 12:45:02,051 INFO  [PluginManager] Adding plugin from [C:\Users\Lenovo\.soapuios\plugins\ready-mqtt-plugin-dist.jar]
2021-04-16 12:45:02,139 INFO  [Reflections] Reflections took 41 ms to scan 2 urls, producing 75 keys and 160 values 
2021-04-16 12:45:02,489 INFO  [Reflections] Reflections took 201 ms to scan 13 urls, producing 341 keys and 1458 values 
2021-04-16 12:45:02,967 INFO  [Reflections] Reflections took 812 ms to scan 1 urls, producing 1492 keys and 5707 values 
2021-04-16 12:45:03,014 INFO  [PluginManager] Adding plugin from [C:\Users\Lenovo\.soapuios\plugins\ready-uxm-plugin-os-1.0.3.jar]
2021-04-16 12:45:03,043 INFO  [Reflections] Reflections took 19 ms to scan 1 urls, producing 46 keys and 344 values 
2021-04-16 12:45:03,294 INFO  [Reflections] Reflections took 781 ms to scan 1 urls, producing 1492 keys and 5707 values 
2021-04-16 12:45:03,330 INFO  [PluginManager] Adding plugin from [C:\Users\Lenovo\.soapuios\plugins\readyapi-postman-1.0.1.jar]
2021-04-16 12:45:03,344 INFO  [Reflections] Reflections took 8 ms to scan 1 urls, producing 11 keys and 17 values 
2021-04-16 12:45:03,887 INFO  [Reflections] Reflections took 835 ms to scan 1 urls, producing 1492 keys and 5707 values 
2021-04-16 12:45:04,660 INFO  [PluginManager] Adding plugin from [C:\Users\Lenovo\.soapuios\plugins\readyapi-swaggerhub-plugin-1.0.jar]
2021-04-16 12:45:04,687 INFO  [Reflections] Reflections took 7 ms to scan 1 urls, producing 13 keys and 21 values 
2021-04-16 12:45:04,706 INFO  [Reflections] Reflections took 1354 ms to scan 1 urls, producing 1492 keys and 5707 values 
2021-04-16 12:45:05,150 INFO  [Reflections] Reflections took 456 ms to scan 1 urls, producing 1492 keys and 5707 values 
2021-04-16 12:45:05,167 INFO  [PluginManager] 5 plugins loaded in 3109 ms
2021-04-16 12:45:05,167 INFO  [DefaultSoapUICore] All plugins loaded
2021-04-16 12:45:07,201 INFO  [WsdlProject] Loaded project from [file:/D:/SOAPUI/EmployeeDemo-soapui-project.xml]
2021-04-16 12:45:09,085 INFO  [log] Call to fun1
2021-04-16 12:45:09,186 INFO  [log] Call to getData of User--->Naveen11
2021-04-16 12:45:09,253 INFO  [log] Details we received in getData for User Naveen11 are id=200,name=Naveen11,dept=mech,age=15
2021-04-16 12:45:09,259 INFO  [log] Call to fun1
2021-04-16 12:45:09,354 INFO  [log] Call to getData of User--->Naveen12
2021-04-16 12:45:09,415 INFO  [log] Details we received in getData for User Naveen12 are id=201,name=Naveen12,dept=mech,age=16
2021-04-16 12:45:09,418 INFO  [log] Call to fun1
2021-04-16 12:45:09,471 INFO  [log] Call to getData of User--->Naveen13
2021-04-16 12:45:09,525 INFO  [log] Details we received in getData for User Naveen13 are id=202,name=Naveen13,dept=mech,age=17
2021-04-16 12:45:09,529 INFO  [log] Call to fun1
2021-04-16 12:45:09,586 INFO  [log] Call to getData of User--->Naveen14
2021-04-16 12:45:09,637 INFO  [log] Details we received in getData for User Naveen14 are id=203,name=Naveen14,dept=mech,age=18
2021-04-16 12:45:09,642 INFO  [log] Call to fun1
2021-04-16 12:45:09,703 INFO  [log] Call to getData of User--->Naveen15
2021-04-16 12:45:09,769 INFO  [log] Details we received in getData for User Naveen15 are id=204,name=Naveen15,dept=mech,age=19
2021-04-16 12:45:10,284 WARN  [Tools] Could not delete temporary directory C:\Users\Lenovo\AppData\Local\Temp\67622244-0114-4eba-b85e-b4814733822f
2021-04-16 12:45:10,284 WARN  [Tools] Could not delete temporary directory C:\Users\Lenovo\AppData\Local\Temp\b6ab6409-2459-4e16-925c-460349f1234e
